#
# There is insufficient memory for the Java Runtime Environment to continue.
# Native memory allocation (malloc) failed to allocate 3037136 bytes for Chunk::new
# Possible reasons:
#   The system is out of physical RAM or swap space
#   The process is running with CompressedOops enabled, and the Java Heap may be blocking the growth of the native heap
# Possible solutions:
#   Reduce memory load on the system
#   Increase physical memory or swap space
#   Check if swap backing store is full
#   Decrease Java heap size (-Xmx/-Xms)
#   Decrease number of Java threads
#   Decrease Java thread stack sizes (-Xss)
#   Set larger code cache with -XX:ReservedCodeCacheSize=
#   JVM is running with Unscaled Compressed Oops mode in which the Java heap is
#     placed in the first 4GB address space. The Java Heap base address is the
#     maximum limit for the native heap growth. Please use -XX:HeapBaseMinAddress
#     to set the Java Heap base and to place the Java Heap above 4GB virtual address.
# This output file may be truncated or incomplete.
#
#  Out of Memory Error (allocation.cpp:389), pid=6680, tid=0x00000000000025a8
#
# JRE version: OpenJDK Runtime Environment (8.0_302-b08) (build 1.8.0_302-b08)
# Java VM: OpenJDK 64-Bit Server VM (25.302-b08 mixed mode windows-amd64 compressed oops)
# Failed to write core dump. Minidumps are not enabled by default on client versions of Windows
#

---------------  T H R E A D  ---------------

Current thread (0x0000029661ad4800):  JavaThread "C2 CompilerThread1" daemon [_thread_in_native, id=9640, stack(0x000000efc4800000,0x000000efc4900000)]

Stack: [0x000000efc4800000,0x000000efc4900000]
[error occurred during error reporting (printing stack bounds), id 0xc0000005]

Native frames: (J=compiled Java code, j=interpreted, Vv=VM code, C=native code)


Current CompileTask:
C2:   8935 2955       4       java.net.URLClassLoader$1::run (5 bytes)


---------------  P R O C E S S  ---------------

Java Threads: ( => current thread )
  0x00000296683cc000 JavaThread "Unconstrained build operations Thread 6" [_thread_blocked, id=4540, stack(0x000000efc6c00000,0x000000efc6d00000)]
  0x00000296683cd000 JavaThread "Unconstrained build operations Thread 5" [_thread_blocked, id=15944, stack(0x000000efc6b00000,0x000000efc6c00000)]
  0x00000296683c9000 JavaThread "Unconstrained build operations Thread 4" [_thread_blocked, id=14492, stack(0x000000efc6a00000,0x000000efc6b00000)]
  0x00000296683cf000 JavaThread "Unconstrained build operations Thread 3" [_thread_blocked, id=3596, stack(0x000000efc6900000,0x000000efc6a00000)]
  0x00000296683cb800 JavaThread "Unconstrained build operations Thread 2" [_thread_blocked, id=15580, stack(0x000000efc6800000,0x000000efc6900000)]
  0x00000296683c3800 JavaThread "Unconstrained build operations" [_thread_blocked, id=16080, stack(0x000000efc6700000,0x000000efc6800000)]
  0x00000296683c5000 JavaThread "Cache worker for Build Output Cleanup Cache (D:\web\bewebblog\.gradle\buildOutputCleanup)" [_thread_blocked, id=15096, stack(0x000000efc6600000,0x000000efc6700000)]
  0x00000296683c8000 JavaThread "Cache worker for dependencies-accessors (D:\web\bewebblog\.gradle\7.4.1\dependencies-accessors)" [_thread_blocked, id=13952, stack(0x000000efc6500000,0x000000efc6600000)]
  0x00000296683c0800 JavaThread "jar transforms Thread 4" [_thread_blocked, id=7600, stack(0x000000efc6400000,0x000000efc6500000)]
  0x00000296683c6800 JavaThread "jar transforms Thread 3" [_thread_blocked, id=6772, stack(0x000000efc6300000,0x000000efc6400000)]
  0x00000296683c4000 JavaThread "Cache worker for file content cache (C:\Users\thao\.gradle\caches\7.4.1\fileContent)" [_thread_blocked, id=1132, stack(0x000000efc6200000,0x000000efc6300000)]
  0x00000296683c2000 JavaThread "jar transforms Thread 2" [_thread_blocked, id=10904, stack(0x000000efc6100000,0x000000efc6200000)]
  0x00000296683c6000 JavaThread "jar transforms" [_thread_blocked, id=8104, stack(0x000000efc6000000,0x000000efc6100000)]
  0x000002966390c000 JavaThread "Cache worker for execution history cache (C:\Users\thao\.gradle\caches\7.4.1\executionHistory)" [_thread_blocked, id=15264, stack(0x000000efc5f00000,0x000000efc6000000)]
  0x000002966390b000 JavaThread "Cache worker for cache directory md-supplier (C:\Users\thao\.gradle\caches\7.4.1\md-supplier)" [_thread_blocked, id=5336, stack(0x000000efc5e00000,0x000000efc5f00000)]
  0x000002966390a800 JavaThread "Cache worker for file hash cache (D:\web\bewebblog\.gradle\7.4.1\fileHashes)" [_thread_blocked, id=13660, stack(0x000000efc5d00000,0x000000efc5e00000)]
  0x000002966390d000 JavaThread "Cache worker for cache directory md-rule (C:\Users\thao\.gradle\caches\7.4.1\md-rule)" [_thread_blocked, id=4732, stack(0x000000efc5c00000,0x000000efc5d00000)]
  0x0000029663909000 JavaThread "Cache worker for checksums cache (D:\web\bewebblog\.gradle\7.4.1\checksums)" [_thread_blocked, id=13004, stack(0x000000efc5b00000,0x000000efc5c00000)]
  0x0000029663907800 JavaThread "File watcher consumer" daemon [_thread_blocked, id=14816, stack(0x000000efc5a00000,0x000000efc5b00000)]
  0x000002966390e800 JavaThread "File watcher server" daemon [_thread_in_native, id=12812, stack(0x000000efc5900000,0x000000efc5a00000)]
  0x0000029663909800 JavaThread "Cache worker for file hash cache (C:\Users\thao\.gradle\caches\7.4.1\fileHashes)" [_thread_blocked, id=14300, stack(0x000000efc5800000,0x000000efc5900000)]
  0x000002966390d800 JavaThread "File lock request listener" [_thread_in_native, id=8132, stack(0x000000efc5700000,0x000000efc5800000)]
  0x0000029663908000 JavaThread "Cache worker for journal cache (C:\Users\thao\.gradle\caches\journal-1)" [_thread_blocked, id=15424, stack(0x000000efc5600000,0x000000efc5700000)]
  0x00000296642fd000 JavaThread "Daemon client event forwarder" [_thread_blocked, id=11972, stack(0x000000efc5500000,0x000000efc5600000)]
  0x00000296642fc000 JavaThread "Stdin handler" [_thread_blocked, id=15544, stack(0x000000efc5400000,0x000000efc5500000)]
  0x0000029663f36000 JavaThread "Asynchronous log dispatcher for DefaultDaemonConnection: socket connection from /127.0.0.1:58682 to /127.0.0.1:58683" [_thread_blocked, id=15248, stack(0x000000efc5300000,0x000000efc5400000)]
  0x0000029663f35800 JavaThread "Daemon worker" [_thread_in_native, id=5152, stack(0x000000efc5200000,0x000000efc5300000)]
  0x0000029663f31800 JavaThread "Cancel handler" [_thread_blocked, id=4800, stack(0x000000efc5100000,0x000000efc5200000)]
  0x000002966427a000 JavaThread "Handler for socket connection from /127.0.0.1:58682 to /127.0.0.1:58683" [_thread_in_native, id=10128, stack(0x000000efc5000000,0x000000efc5100000)]
  0x0000029664274800 JavaThread "Daemon" [_thread_blocked, id=12888, stack(0x000000efc4f00000,0x000000efc5000000)]
  0x0000029664388800 JavaThread "Daemon periodic checks" [_thread_blocked, id=1364, stack(0x000000efc4e00000,0x000000efc4f00000)]
  0x0000029664111800 JavaThread "Incoming local TCP Connector on port 58682" [_thread_in_native, id=12120, stack(0x000000efc4d00000,0x000000efc4e00000)]
  0x0000029663f9c800 JavaThread "Daemon health stats" [_thread_blocked, id=13528, stack(0x000000efc4c00000,0x000000efc4d00000)]
  0x0000029661ad8800 JavaThread "Service Thread" daemon [_thread_blocked, id=9748, stack(0x000000efc4a00000,0x000000efc4b00000)]
  0x0000029661ae0000 JavaThread "C1 CompilerThread2" daemon [_thread_blocked, id=16292, stack(0x000000efc4900000,0x000000efc4a00000)]
=>0x0000029661ad4800 JavaThread "C2 CompilerThread1" daemon [_thread_in_native, id=9640, stack(0x000000efc4800000,0x000000efc4900000)]
  0x0000029661ada800 JavaThread "C2 CompilerThread0" daemon [_thread_in_native, id=14752, stack(0x000000efc4700000,0x000000efc4800000)]
  0x0000029661ac8800 JavaThread "Attach Listener" daemon [_thread_blocked, id=14924, stack(0x000000efc4600000,0x000000efc4700000)]
  0x0000029661ac7800 JavaThread "Signal Dispatcher" daemon [_thread_blocked, id=14912, stack(0x000000efc4500000,0x000000efc4600000)]
  0x0000029661374800 JavaThread "Finalizer" daemon [_thread_blocked, id=7572, stack(0x000000efc4400000,0x000000efc4500000)]
  0x0000029661aa6800 JavaThread "Reference Handler" daemon [_thread_blocked, id=4828, stack(0x000000efc4300000,0x000000efc4400000)]
  0x000002964eb42800 JavaThread "main" [_thread_blocked, id=15008, stack(0x000000efc3d00000,0x000000efc3e00000)]

Other Threads:
  0x0000029661a82000 VMThread [stack: 0x000000efc4200000,0x000000efc4300000] [id=5032]
  0x0000029661b5a800 WatcherThread [stack: 0x000000efc4b00000,0x000000efc4c00000] [id=2560]

VM state:not at safepoint (normal execution)

VM Mutex/Monitor currently owned by a thread: None

heap address: 0x00000000e0000000, size: 512 MB, Compressed Oops mode: 32-bit
Narrow klass base: 0x0000000000000000, Narrow klass shift: 3
Compressed class space size: 1073741824 Address: 0x0000000100000000

Heap:
 PSYoungGen      total 109056K, used 21282K [0x00000000f5580000, 0x00000000fce80000, 0x0000000100000000)
  eden space 95744K, 16% used [0x00000000f5580000,0x00000000f6489b20,0x00000000fb300000)
  from space 13312K, 44% used [0x00000000fc080000,0x00000000fc63edf0,0x00000000fcd80000)
  to   space 13824K, 0% used [0x00000000fb300000,0x00000000fb300000,0x00000000fc080000)
 ParOldGen       total 175104K, used 15755K [0x00000000e0000000, 0x00000000eab00000, 0x00000000f5580000)
  object space 175104K, 8% used [0x00000000e0000000,0x00000000e0f62d28,0x00000000eab00000)
 Metaspace       used 39218K, capacity 41108K, committed 41344K, reserved 1087488K
  class space    used 5608K, capacity 5965K, committed 6016K, reserved 1048576K

Card table byte_map: [0x000002964ec30000,0x000002964ed40000] byte_map_base: 0x000002964e530000

Marking Bits: (ParMarkBitMap*) 0x000000005e071820
 Begin Bits: [0x000002965f980000, 0x0000029660180000)
 End Bits:   [0x0000029660180000, 0x0000029660980000)

Polling page: 0x000002964eb00000

CodeCache: size=245760Kb used=11079Kb max_used=11178Kb free=234680Kb
 bounds [0x0000029650510000, 0x0000029651050000, 0x000002965f510000]
 total_blobs=3616 nmethods=2887 adapters=640
 compilation: enabled

Compilation events (10 events):
Event: 8.928 Thread 0x0000029661ae0000 nmethod 3196 0x0000029650778350 code [0x0000029650778700, 0x000002965077aa90]
Event: 8.928 Thread 0x0000029661ae0000 3198       3       com.esotericsoftware.kryo.io.Output::writeString (125 bytes)
Event: 8.929 Thread 0x0000029661ae0000 nmethod 3198 0x0000029650647250 code [0x0000029650647420, 0x0000029650647a80]
Event: 8.930 Thread 0x0000029661ae0000 3199       3       java.util.concurrent.atomic.AtomicInteger::set (6 bytes)
Event: 8.930 Thread 0x0000029661ae0000 nmethod 3199 0x0000029650681a10 code [0x0000029650681b60, 0x0000029650681cb8]
Event: 8.931 Thread 0x0000029661ae0000 3200       3       java.util.concurrent.locks.ReentrantLock::isHeldByCurrentThread (8 bytes)
Event: 8.931 Thread 0x0000029661ae0000 nmethod 3200 0x0000029650657750 code [0x00000296506578c0, 0x0000029650657c18]
Event: 8.932 Thread 0x0000029661ae0000 3201       3       org.gradle.internal.logging.events.OutputEvent::<init> (5 bytes)
Event: 8.932 Thread 0x0000029661ae0000 nmethod 3201 0x0000029650976610 code [0x0000029650976760, 0x0000029650976918]
Event: 8.933 Thread 0x0000029661ae0000 3202       3       org.gradle.internal.logging.slf4j.OutputEventListenerBackedLogger::isDebugEnabled (5 bytes)

GC Heap History (10 events):
Event: 5.791 GC heap before
{Heap before GC invocations=6 (full 1):
 PSYoungGen      total 76288K, used 65536K [0x00000000f5580000, 0x00000000faa80000, 0x0000000100000000)
  eden space 65536K, 100% used [0x00000000f5580000,0x00000000f9580000,0x00000000f9580000)
  from space 10752K, 0% used [0x00000000fa000000,0x00000000fa000000,0x00000000faa80000)
  to   space 10752K, 0% used [0x00000000f9580000,0x00000000f9580000,0x00000000fa000000)
 ParOldGen       total 175104K, used 10246K [0x00000000e0000000, 0x00000000eab00000, 0x00000000f5580000)
  object space 175104K, 5% used [0x00000000e0000000,0x00000000e0a01a28,0x00000000eab00000)
 Metaspace       used 24109K, capacity 25068K, committed 25088K, reserved 1071104K
  class space    used 3612K, capacity 3840K, committed 3840K, reserved 1048576K
Event: 5.794 GC heap after
Heap after GC invocations=6 (full 1):
 PSYoungGen      total 76288K, used 4588K [0x00000000f5580000, 0x00000000fcd80000, 0x0000000100000000)
  eden space 65536K, 0% used [0x00000000f5580000,0x00000000f5580000,0x00000000f9580000)
  from space 10752K, 42% used [0x00000000f9580000,0x00000000f99fb3a8,0x00000000fa000000)
  to   space 13312K, 0% used [0x00000000fc080000,0x00000000fc080000,0x00000000fcd80000)
 ParOldGen       total 175104K, used 10254K [0x00000000e0000000, 0x00000000eab00000, 0x00000000f5580000)
  object space 175104K, 5% used [0x00000000e0000000,0x00000000e0a03a28,0x00000000eab00000)
 Metaspace       used 24109K, capacity 25068K, committed 25088K, reserved 1071104K
  class space    used 3612K, capacity 3840K, committed 3840K, reserved 1048576K
}
Event: 6.914 GC heap before
{Heap before GC invocations=7 (full 1):
 PSYoungGen      total 76288K, used 70124K [0x00000000f5580000, 0x00000000fcd80000, 0x0000000100000000)
  eden space 65536K, 100% used [0x00000000f5580000,0x00000000f9580000,0x00000000f9580000)
  from space 10752K, 42% used [0x00000000f9580000,0x00000000f99fb3a8,0x00000000fa000000)
  to   space 13312K, 0% used [0x00000000fc080000,0x00000000fc080000,0x00000000fcd80000)
 ParOldGen       total 175104K, used 10260K [0x00000000e0000000, 0x00000000eab00000, 0x00000000f5580000)
  object space 175104K, 5% used [0x00000000e0000000,0x00000000e0a05260,0x00000000eab00000)
 Metaspace       used 32205K, capacity 33488K, committed 33664K, reserved 1077248K
  class space    used 4577K, capacity 4873K, committed 4992K, reserved 1048576K
Event: 6.925 GC heap after
Heap after GC invocations=7 (full 1):
 PSYoungGen      total 109056K, used 9884K [0x00000000f5580000, 0x00000000fce80000, 0x0000000100000000)
  eden space 95744K, 0% used [0x00000000f5580000,0x00000000f5580000,0x00000000fb300000)
  from space 13312K, 74% used [0x00000000fc080000,0x00000000fca27318,0x00000000fcd80000)
  to   space 13824K, 0% used [0x00000000fb300000,0x00000000fb300000,0x00000000fc080000)
 ParOldGen       total 175104K, used 10268K [0x00000000e0000000, 0x00000000eab00000, 0x00000000f5580000)
  object space 175104K, 5% used [0x00000000e0000000,0x00000000e0a07260,0x00000000eab00000)
 Metaspace       used 32205K, capacity 33488K, committed 33664K, reserved 1077248K
  class space    used 4577K, capacity 4873K, committed 4992K, reserved 1048576K
}
Event: 7.491 GC heap before
{Heap before GC invocations=8 (full 1):
 PSYoungGen      total 109056K, used 43653K [0x00000000f5580000, 0x00000000fce80000, 0x0000000100000000)
  eden space 95744K, 35% used [0x00000000f5580000,0x00000000f767a240,0x00000000fb300000)
  from space 13312K, 74% used [0x00000000fc080000,0x00000000fca27318,0x00000000fcd80000)
  to   space 13824K, 0% used [0x00000000fb300000,0x00000000fb300000,0x00000000fc080000)
 ParOldGen       total 175104K, used 10268K [0x00000000e0000000, 0x00000000eab00000, 0x00000000f5580000)
  object space 175104K, 5% used [0x00000000e0000000,0x00000000e0a07260,0x00000000eab00000)
 Metaspace       used 33981K, capacity 35384K, committed 35456K, reserved 1079296K
  class space    used 4879K, capacity 5185K, committed 5248K, reserved 1048576K
Event: 7.504 GC heap after
Heap after GC invocations=8 (full 1):
 PSYoungGen      total 109568K, used 8297K [0x00000000f5580000, 0x00000000fce80000, 0x0000000100000000)
  eden space 95744K, 0% used [0x00000000f5580000,0x00000000f5580000,0x00000000fb300000)
  from space 13824K, 60% used [0x00000000fb300000,0x00000000fbb1a4e8,0x00000000fc080000)
  to   space 13312K, 0% used [0x00000000fc080000,0x00000000fc080000,0x00000000fcd80000)
 ParOldGen       total 175104K, used 10276K [0x00000000e0000000, 0x00000000eab00000, 0x00000000f5580000)
  object space 175104K, 5% used [0x00000000e0000000,0x00000000e0a09260,0x00000000eab00000)
 Metaspace       used 33981K, capacity 35384K, committed 35456K, reserved 1079296K
  class space    used 4879K, capacity 5185K, committed 5248K, reserved 1048576K
}
Event: 7.504 GC heap before
{Heap before GC invocations=9 (full 2):
 PSYoungGen      total 109568K, used 8297K [0x00000000f5580000, 0x00000000fce80000, 0x0000000100000000)
  eden space 95744K, 0% used [0x00000000f5580000,0x00000000f5580000,0x00000000fb300000)
  from space 13824K, 60% used [0x00000000fb300000,0x00000000fbb1a4e8,0x00000000fc080000)
  to   space 13312K, 0% used [0x00000000fc080000,0x00000000fc080000,0x00000000fcd80000)
 ParOldGen       total 175104K, used 10276K [0x00000000e0000000, 0x00000000eab00000, 0x00000000f5580000)
  object space 175104K, 5% used [0x00000000e0000000,0x00000000e0a09260,0x00000000eab00000)
 Metaspace       used 33981K, capacity 35384K, committed 35456K, reserved 1079296K
  class space    used 4879K, capacity 5185K, committed 5248K, reserved 1048576K
Event: 7.559 GC heap after
Heap after GC invocations=9 (full 2):
 PSYoungGen      total 109568K, used 0K [0x00000000f5580000, 0x00000000fce80000, 0x0000000100000000)
  eden space 95744K, 0% used [0x00000000f5580000,0x00000000f5580000,0x00000000fb300000)
  from space 13824K, 0% used [0x00000000fb300000,0x00000000fb300000,0x00000000fc080000)
  to   space 13312K, 0% used [0x00000000fc080000,0x00000000fc080000,0x00000000fcd80000)
 ParOldGen       total 175104K, used 15755K [0x00000000e0000000, 0x00000000eab00000, 0x00000000f5580000)
  object space 175104K, 8% used [0x00000000e0000000,0x00000000e0f62d28,0x00000000eab00000)
 Metaspace       used 33981K, capacity 35384K, committed 35456K, reserved 1079296K
  class space    used 4879K, capacity 5185K, committed 5248K, reserved 1048576K
}
Event: 8.776 GC heap before
{Heap before GC invocations=10 (full 2):
 PSYoungGen      total 109568K, used 95744K [0x00000000f5580000, 0x00000000fce80000, 0x0000000100000000)
  eden space 95744K, 100% used [0x00000000f5580000,0x00000000fb300000,0x00000000fb300000)
  from space 13824K, 0% used [0x00000000fb300000,0x00000000fb300000,0x00000000fc080000)
  to   space 13312K, 0% used [0x00000000fc080000,0x00000000fc080000,0x00000000fcd80000)
 ParOldGen       total 175104K, used 15755K [0x00000000e0000000, 0x00000000eab00000, 0x00000000f5580000)
  object space 175104K, 8% used [0x00000000e0000000,0x00000000e0f62d28,0x00000000eab00000)
 Metaspace       used 38788K, capacity 40508K, committed 40832K, reserved 1083392K
  class space    used 5539K, capacity 5897K, committed 6016K, reserved 1048576K
Event: 8.782 GC heap after
Heap after GC invocations=10 (full 2):
 PSYoungGen      total 109056K, used 5883K [0x00000000f5580000, 0x00000000fce80000, 0x0000000100000000)
  eden space 95744K, 0% used [0x00000000f5580000,0x00000000f5580000,0x00000000fb300000)
  from space 13312K, 44% used [0x00000000fc080000,0x00000000fc63edf0,0x00000000fcd80000)
  to   space 13824K, 0% used [0x00000000fb300000,0x00000000fb300000,0x00000000fc080000)
 ParOldGen       total 175104K, used 15755K [0x00000000e0000000, 0x00000000eab00000, 0x00000000f5580000)
  object space 175104K, 8% used [0x00000000e0000000,0x00000000e0f62d28,0x00000000eab00000)
 Metaspace       used 38788K, capacity 40508K, committed 40832K, reserved 1083392K
  class space    used 5539K, capacity 5897K, committed 6016K, reserved 1048576K
}

Deoptimization events (10 events):
Event: 7.948 Thread 0x0000029663f35800 Uncommon trap: reason=bimorphic action=maybe_recompile pc=0x0000029650bb17d0 method=com.google.common.base.CharMatcher.indexIn(Ljava/lang/CharSequence;I)I @ 31
Event: 8.126 Thread 0x0000029663f35800 Uncommon trap: reason=unstable_if action=reinterpret pc=0x00000296507e6d68 method=java.net.URI.match(CJJ)Z @ 45
Event: 8.126 Thread 0x0000029663f35800 Uncommon trap: reason=unstable_if action=reinterpret pc=0x00000296506fd888 method=java.net.URI.match(CJJ)Z @ 19
Event: 8.352 Thread 0x0000029663f35800 Uncommon trap: reason=unstable_if action=reinterpret pc=0x00000296509201f4 method=java.lang.String.lastIndexOf([CII[CIII)I @ 118
Event: 8.537 Thread 0x0000029663f35800 Uncommon trap: reason=bimorphic action=maybe_recompile pc=0x0000029650ef1f38 method=java.io.BufferedInputStream.read([BII)I @ 101
Event: 8.639 Thread 0x0000029663f35800 Uncommon trap: reason=bimorphic action=maybe_recompile pc=0x0000029650ef1f38 method=java.io.BufferedInputStream.read([BII)I @ 101
Event: 8.683 Thread 0x0000029663f35800 Uncommon trap: reason=bimorphic action=maybe_recompile pc=0x0000029650ef1f38 method=java.io.BufferedInputStream.read([BII)I @ 101
Event: 8.849 Thread 0x0000029663f35800 Uncommon trap: reason=bimorphic action=maybe_recompile pc=0x0000029650ef1f38 method=java.io.BufferedInputStream.read([BII)I @ 101
Event: 8.909 Thread 0x00000296683cb800 Uncommon trap: reason=class_check action=maybe_recompile pc=0x0000029650cd09d0 method=java.util.concurrent.ConcurrentHashMap.putVal(Ljava/lang/Object;Ljava/lang/Object;Z)Ljava/lang/Object; @ 192
Event: 8.913 Thread 0x00000296683c3800 Uncommon trap: reason=class_check action=maybe_recompile pc=0x0000029650cd09d0 method=java.util.concurrent.ConcurrentHashMap.putVal(Ljava/lang/Object;Ljava/lang/Object;Z)Ljava/lang/Object; @ 192

Classes redefined (0 events):
No events

Internal exceptions (10 events):
Event: 7.870 Thread 0x0000029663f35800 Exception <a 'java/lang/ClassNotFoundException': org/gradle/plugin/use/internal/PluginRequestCollector$PluginDependenciesSpecImplBeanInfo> (0x00000000f66f5da8) thrown at [C:\wsjdk\Corretto8Src\installers\windows\zip\corretto-build\buildRoot\src\hotspot\sr
Event: 7.872 Thread 0x0000029663f35800 Exception <a 'java/lang/ClassNotFoundException': org/gradle/plugin/use/internal/PluginRequestCollector$PluginDependenciesSpecImplCustomizer> (0x00000000f6743ed0) thrown at [C:\wsjdk\Corretto8Src\installers\windows\zip\corretto-build\buildRoot\src\hotspot\
Event: 7.881 Thread 0x0000029663f35800 Exception <a 'java/lang/ClassNotFoundException': org/gradle/plugin/use/internal/PluginRequestCollector$PluginDependencySpecImplBeanInfo> (0x00000000f67de120) thrown at [C:\wsjdk\Corretto8Src\installers\windows\zip\corretto-build\buildRoot\src\hotspot\src\
Event: 7.883 Thread 0x0000029663f35800 Exception <a 'java/lang/ClassNotFoundException': org/gradle/plugin/use/internal/PluginRequestCollector$PluginDependencySpecImplCustomizer> (0x00000000f682c070) thrown at [C:\wsjdk\Corretto8Src\installers\windows\zip\corretto-build\buildRoot\src\hotspot\sr
Event: 8.224 Thread 0x0000029663f35800 Exception <a 'java/lang/NoSuchMethodError': java.lang.Object.lambda$static$0(Lorg/gradle/api/internal/artifacts/configurations/MutationValidator$MutationType;)V> (0x00000000f7e59e28) thrown at [C:\wsjdk\Corretto8Src\installers\windows\zip\corretto-build\b
Event: 8.395 Thread 0x0000029663f35800 Exception <a 'java/lang/NoSuchMethodError': java.lang.Object.lambda$static$0(Lorg/gradle/internal/component/model/DependencyMetadata;)Lorg/gradle/api/internal/artifacts/ivyservice/dependencysubstitution/DependencySubstitutionApplicator$SubstitutionResult;
Event: 8.444 Thread 0x0000029663f35800 Exception <a 'java/lang/IncompatibleClassChangeError': Found class java.lang.Object, but interface was expected> (0x00000000f957e838) thrown at [C:\wsjdk\Corretto8Src\installers\windows\zip\corretto-build\buildRoot\src\hotspot\src\share\vm\interpreter\lin
Event: 8.446 Thread 0x0000029663f35800 Exception <a 'java/lang/NoSuchMethodError': java.lang.Object.lambda$thenComparing$36697e65$1(Ljava/util/Comparator;Ljava/lang/Object;Ljava/lang/Object;)I> (0x00000000f958a2a8) thrown at [C:\wsjdk\Corretto8Src\installers\windows\zip\corretto-build\buildRoo
Event: 8.606 Thread 0x0000029663f35800 Exception <a 'java/lang/NoSuchMethodError': java.lang.Object.lambda$static$0()Z> (0x00000000fa2e03f0) thrown at [C:\wsjdk\Corretto8Src\installers\windows\zip\corretto-build\buildRoot\src\hotspot\src\share\vm\interpreter\linkResolver.cpp, line 620]
Event: 8.739 Thread 0x0000029663f35800 Exception <a 'java/lang/NoSuchMethodError': java.lang.Object.lambda$static$0(Lorg/gradle/api/internal/tasks/TaskDependencyResolveContext;)V> (0x00000000fb01bf80) thrown at [C:\wsjdk\Corretto8Src\installers\windows\zip\corretto-build\buildRoot\src\hotspot\

Events (10 events):
Event: 8.932 Thread 0x0000029661ae0000 flushing nmethod 0x0000029650947250
Event: 8.932 Thread 0x0000029661ae0000 flushing nmethod 0x0000029650948bd0
Event: 8.932 Thread 0x0000029661ae0000 flushing nmethod 0x000002965094cf50
Event: 8.932 Thread 0x0000029661ae0000 flushing nmethod 0x0000029650958c50
Event: 8.932 Thread 0x0000029661ae0000 flushing nmethod 0x0000029650965990
Event: 8.932 Thread 0x0000029661ae0000 flushing nmethod 0x000002965097a910
Event: 8.932 Executing VM operation: RevokeBias
Event: 8.933 Executing VM operation: RevokeBias done
Event: 8.933 loading class org/gradle/internal/resources/DefaultResourceLockCoordinationService$ReleaseLocks
Event: 8.933 loading class org/gradle/internal/resources/DefaultResourceLockCoordinationService$ReleaseLocks done


Dynamic libraries:
0x00007ff62aa40000 - 0x00007ff62aa7a000 	C:\Users\thao\.jdks\corretto-1.8.0_302\bin\java.exe
0x00007ffdfbbb0000 - 0x00007ffdfbda5000 	C:\Windows\SYSTEM32\ntdll.dll
0x00007ffdfb9c0000 - 0x00007ffdfba7e000 	C:\Windows\System32\KERNEL32.DLL
0x00007ffdf93d0000 - 0x00007ffdf9698000 	C:\Windows\System32\KERNELBASE.dll
0x00007ffdfb2e0000 - 0x00007ffdfb38e000 	C:\Windows\System32\ADVAPI32.dll
0x00007ffdfaff0000 - 0x00007ffdfb08e000 	C:\Windows\System32\msvcrt.dll
0x00007ffdfb090000 - 0x00007ffdfb12c000 	C:\Windows\System32\sechost.dll
0x00007ffdfa6e0000 - 0x00007ffdfa805000 	C:\Windows\System32\RPCRT4.dll
0x00007ffdfb710000 - 0x00007ffdfb8b0000 	C:\Windows\System32\USER32.dll
0x00007ffdf9880000 - 0x00007ffdf98a2000 	C:\Windows\System32\win32u.dll
0x00007ffdf9f30000 - 0x00007ffdf9f5b000 	C:\Windows\System32\GDI32.dll
0x00007ffdf9740000 - 0x00007ffdf984b000 	C:\Windows\System32\gdi32full.dll
0x00007ffdf96a0000 - 0x00007ffdf973d000 	C:\Windows\System32\msvcp_win.dll
0x00007ffdf92d0000 - 0x00007ffdf93d0000 	C:\Windows\System32\ucrtbase.dll
0x00007ffde5780000 - 0x00007ffde5a1a000 	C:\Windows\WinSxS\amd64_microsoft.windows.common-controls_6595b64144ccf1df_6.0.19041.1110_none_60b5254171f9507e\COMCTL32.dll
0x00007ffdfa5e0000 - 0x00007ffdfa610000 	C:\Windows\System32\IMM32.DLL
0x00007ffdf1930000 - 0x00007ffdf1a1f000 	C:\Users\thao\.jdks\corretto-1.8.0_302\jre\bin\msvcr120.dll
0x00007ffdf1880000 - 0x00007ffdf1926000 	C:\Users\thao\.jdks\corretto-1.8.0_302\jre\bin\msvcp120.dll
0x000000005d880000 - 0x000000005e0f0000 	C:\Users\thao\.jdks\corretto-1.8.0_302\jre\bin\server\jvm.dll
0x00007ffdfafe0000 - 0x00007ffdfafe8000 	C:\Windows\System32\PSAPI.DLL
0x00007ffde2b80000 - 0x00007ffde2b89000 	C:\Windows\SYSTEM32\WSOCK32.dll
0x00007ffdfba80000 - 0x00007ffdfbaeb000 	C:\Windows\System32\WS2_32.dll
0x00007ffde5c90000 - 0x00007ffde5cb7000 	C:\Windows\SYSTEM32\WINMM.dll
0x00007ffdf32a0000 - 0x00007ffdf32aa000 	C:\Windows\SYSTEM32\VERSION.dll
0x00007ffdf5380000 - 0x00007ffdf538f000 	C:\Users\thao\.jdks\corretto-1.8.0_302\jre\bin\verify.dll
0x00007ffdf1850000 - 0x00007ffdf1879000 	C:\Users\thao\.jdks\corretto-1.8.0_302\jre\bin\java.dll
0x00007ffdf3570000 - 0x00007ffdf3586000 	C:\Users\thao\.jdks\corretto-1.8.0_302\jre\bin\zip.dll
0x00007ffdfa820000 - 0x00007ffdfaf64000 	C:\Windows\System32\SHELL32.dll
0x00007ffdf73c0000 - 0x00007ffdf7b54000 	C:\Windows\SYSTEM32\windows.storage.dll
0x00007ffdfb390000 - 0x00007ffdfb6e4000 	C:\Windows\System32\combase.dll
0x00007ffdf8d30000 - 0x00007ffdf8d5c000 	C:\Windows\SYSTEM32\Wldp.dll
0x00007ffdf9c10000 - 0x00007ffdf9cbd000 	C:\Windows\System32\SHCORE.dll
0x00007ffdfb8b0000 - 0x00007ffdfb905000 	C:\Windows\System32\shlwapi.dll
0x00007ffdf9210000 - 0x00007ffdf922f000 	C:\Windows\SYSTEM32\profapi.dll
0x00007ffdf1360000 - 0x00007ffdf137a000 	C:\Users\thao\.jdks\corretto-1.8.0_302\jre\bin\net.dll
0x00007ffdf8a90000 - 0x00007ffdf8afa000 	C:\Windows\system32\mswsock.dll
0x00007ffdf1340000 - 0x00007ffdf1352000 	C:\Users\thao\.jdks\corretto-1.8.0_302\jre\bin\nio.dll
0x00007ffdf2560000 - 0x00007ffdf2587000 	C:\Users\thao\.gradle\native\e1d6ef7f7dcc3fd88c89a11ec53ec762bb8ba0a96d01ffa2cd45eb1d1d8dd5c5\windows-amd64\native-platform.dll
0x00007ffdc0190000 - 0x00007ffdc02d4000 	C:\Users\thao\.gradle\native\0d407fdbe67a94daf76414ababcb853783967236a71b16ec16e742cd7a986fd3\windows-amd64\native-platform-file-events.dll
0x00007ffdf39f0000 - 0x00007ffdf39fd000 	C:\Users\thao\.jdks\corretto-1.8.0_302\jre\bin\management.dll
0x00007ffdf8c80000 - 0x00007ffdf8c98000 	C:\Windows\SYSTEM32\CRYPTSP.dll
0x00007ffdf83a0000 - 0x00007ffdf83d4000 	C:\Windows\system32\rsaenh.dll
0x00007ffdf9850000 - 0x00007ffdf9877000 	C:\Windows\System32\bcrypt.dll
0x00007ffdf91d0000 - 0x00007ffdf91fe000 	C:\Windows\SYSTEM32\USERENV.dll
0x00007ffdf9b10000 - 0x00007ffdf9b92000 	C:\Windows\System32\bcryptprimitives.dll
0x00007ffdf8ca0000 - 0x00007ffdf8cac000 	C:\Windows\SYSTEM32\CRYPTBASE.dll
0x00007ffdf8730000 - 0x00007ffdf876b000 	C:\Windows\SYSTEM32\IPHLPAPI.DLL
0x00007ffdfaf70000 - 0x00007ffdfaf78000 	C:\Windows\System32\NSI.dll
0x00007ffdf1d00000 - 0x00007ffdf1d17000 	C:\Windows\SYSTEM32\dhcpcsvc6.DLL
0x00007ffdf28c0000 - 0x00007ffdf28dd000 	C:\Windows\SYSTEM32\dhcpcsvc.DLL
0x00007ffdf8780000 - 0x00007ffdf884a000 	C:\Windows\SYSTEM32\DNSAPI.dll

VM Arguments:
jvm_args: -XX:MaxMetaspaceSize=256m -XX:+HeapDumpOnOutOfMemoryError -Xms256m -Xmx512m -Dfile.encoding=windows-1252 -Duser.country=US -Duser.language=en -Duser.variant 
java_command: org.gradle.launcher.daemon.bootstrap.GradleDaemon 7.4.1
java_class_path (initial): C:\Users\thao\.gradle\wrapper\dists\gradle-7.4.1-bin\58kw26xllvsiedyf3nujyarhn\gradle-7.4.1\lib\gradle-launcher-7.4.1.jar
Launcher Type: SUN_STANDARD

Environment Variables:
PATH=C:\Program Files\Common Files\Oracle\Java\javapath;C:\Windows\system32;C:\Windows;C:\Windows\System32\Wbem;C:\Windows\System32\WindowsPowerShell\v1.0\;C:\Windows\System32\OpenSSH\;C:\Program Files\Git\cmd;C:\Program Files\nodejs\;C:\Program Files\Docker\Docker\resources\bin;C:\ProgramData\DockerDesktop\version-bin;C:\Users\thao\AppData\Local\Microsoft\WindowsApps;C:\Program Files\JetBrains\IntelliJ IDEA 2021.2.2\bin;;C:\Program Files\JetBrains\WebStorm 2021.2.2\bin;;C:\Users\thao\AppData\Local\GitHubDesktop\bin;C:\Users\thao\AppData\Roaming\npm
USERNAME=thao
OS=Windows_NT
PROCESSOR_IDENTIFIER=Intel64 Family 6 Model 142 Stepping 9, GenuineIntel



---------------  S Y S T E M  ---------------

OS: Windows 10.0 , 64 bit Build 19041 (10.0.19041.1566)

CPU:total 4 (initial active 4) (2 cores per cpu, 2 threads per core) family 6 model 142 stepping 9, cmov, cx8, fxsr, mmx, sse, sse2, sse3, ssse3, sse4.1, sse4.2, popcnt, avx, avx2, aes, clmul, erms, 3dnowpref, lzcnt, ht, tsc, tscinvbit, bmi1, bmi2, adx

Memory: 4k page, physical 12461476k(690208k free), swap 28220960k(7912k free)

vm_info: OpenJDK 64-Bit Server VM (25.302-b08) for windows-amd64 JRE (1.8.0_302-b08), built on Jul 15 2021 19:37:21 by "Administrator" with MS VC++ 12.0 (VS2013)

time: Thu Mar 31 21:21:38 2022
timezone: SE Asia Standard Time
elapsed time: 8.945441 seconds (0d 0h 0m 8s)

